Working/Visit_Bangladesh/Android/app/build/outputs/logs/manifest-merger-debug-report.txt
-- Merging decision tree log ---
manifest
ADDED from src\main\AndroidManifest.xml:2:1-214:12
INJECTED from src\main\AndroidManifest.xml:2:1-214:12
INJECTED from src\main\AndroidManifest.xml:2:1-214:12
INJECTED from src\main\AndroidManifest.xml:2:1-214:12
MERGED from [com.github.dmytrodanylyk.android-process-button:library:1.0.4] AndroidManifest.xml:2:1-12:12
MERGED from [com.cloudinary:cloudinary-android:1.24.0] AndroidManifest.xml:2:1-15:12
MERGED from [com.journeyapps:zxing-android-embedded:3.4.0] AndroidManifest.xml:17:1-55:12
MERGED from [com.android.support:support-v4:28.0.0] AndroidManifest.xml:17:1-22:12
MERGED from [com.miguelcatalan:materialsearchview:1.4.0] AndroidManifest.xml:2:1-13:12
MERGED from [com.android.support:design:28.0.0] AndroidManifest.xml:17:1-24:12
MERGED from [com.afollestad.material-dialogs:core:0.9.6.0] AndroidManifest.xml:2:1-15:12
MERGED from [io.github.tonnyl:whatsnew:0.1.1] AndroidManifest.xml:2:1-13:12
MERGED from [com.android.support:recyclerview-v7:28.0.0] AndroidManifest.xml:17:1-22:12
MERGED from [com.airbnb.android:lottie:2.7.0] AndroidManifest.xml:2:1-13:12
MERGED from [com.github.takusemba:spotlight:1.6.1] AndroidManifest.xml:2:1-11:12
MERGED from [com.theartofdev.edmodo:android-image-cropper:2.7.0] AndroidManifest.xml:2:1-11:12
MERGED from [com.github.blongho:world-country-data:v1.1.0] AndroidManifest.xml:2:1-11:12
MERGED from [me.zhanghai.android.materialprogressbar:library:1.4.2] AndroidManifest.xml:6:1-16:12
MERGED from [com.android.support:appcompat-v7:28.0.0] AndroidManifest.xml:17:1-22:12
MERGED from [android.arch.lifecycle:extensions:1.1.0] AndroidManifest.xml:17:1-30:12
MERGED from [com.android.support:support-fragment:28.0.0] AndroidManifest.xml:17:1-22:12
MERGED from [com.android.support:animated-vector-drawable:28.0.0] AndroidManifest.xml:17:1-22:12
MERGED from [com.android.support:support-core-ui:28.0.0] AndroidManifest.xml:17:1-22:12
MERGED from [com.android.support:coordinatorlayout:28.0.0] AndroidManifest.xml:17:1-22:12
MERGED from [com.android.support.constraint:constraint-layout:1.1.3] AndroidManifest.xml:2:1-11:12
MERGED from [com.android.support:cardview-v7:28.0.0] AndroidManifest.xml:17:1-22:12
MERGED from [com.eftimoff:android-pathview:1.0.8] AndroidManifest.xml:2:1-14:12
MERGED from [com.patrickpissurno:ripple-effect:1.3.1] AndroidManifest.xml:2:1-14:12
MERGED from [org.osmdroid:osmdroid-android:6.0.2] AndroidManifest.xml:2:1-29:12
MERGED from [com.ToxicBakery.viewpager.transforms:view-pager-transforms:1.2.32] AndroidManifest.xml:17:1-27:12
MERGED from [com.jakewharton:butterknife:8.8.1] AndroidManifest.xml:2:1-7:12
MERGED from [android.arch.persistence.room:rxjava2:1.0.0] AndroidManifest.xml:17:1-24:12
MERGED from [android.arch.persistence.room:runtime:1.0.0] AndroidManifest.xml:17:1-24:12
MERGED from [com.github.juanlabrador:badgecounter:1.0.2] AndroidManifest.xml:2:1-12:12
MERGED from [io.reactivex.rxjava2:rxandroid:2.0.2] AndroidManifest.xml:15:1-21:12
MERGED from [com.android.support:support-core-utils:28.0.0] AndroidManifest.xml:17:1-22:12
MERGED from [com.android.support:loader:28.0.0] AndroidManifest.xml:17:1-22:12
MERGED from [android.arch.lifecycle:viewmodel:1.1.1] AndroidManifest.xml:17:1-22:12
MERGED from [com.google.android:flexbox:1.0.0] AndroidManifest.xml:17:1-27:12
MERGED from [com.github.mukeshsolanki:android-otpview-pinview:2.0.0] AndroidManifest.xml:2:1-11:12
MERGED from [com.github.vipulasri:timelineview:1.0.6] AndroidManifest.xml:2:1-17:12
MERGED from [com.android.support:viewpager:28.0.0] AndroidManifest.xml:17:1-22:12
MERGED from [com.android.support:drawerlayout:28.0.0] AndroidManifest.xml:17:1-22:12
MERGED from [com.android.support:slidingpanelayout:28.0.0] AndroidManifest.xml:17:1-22:12
MERGED from [com.android.support:customview:28.0.0] AndroidManifest.xml:17:1-22:12
MERGED from [com.android.support:support-media-compat:28.0.0] AndroidManifest.xml:17:1-22:12
MERGED from [com.android.support:support-vector-drawable:28.0.0] AndroidManifest.xml:17:1-22:12
MERGED from [com.android.support:transition:28.0.0] AndroidManifest.xml:17:1-22:12
MERGED from [com.android.support:swiperefreshlayout:28.0.0] AndroidManifest.xml:17:1-22:12
MERGED from [com.android.support:asynclayoutinflater:28.0.0] AndroidManifest.xml:17:1-22:12
MERGED from [com.android.support:support-compat:28.0.0] AndroidManifest.xml:17:1-24:12
MERGED from [com.android.support:versionedparcelable:28.0.0] AndroidManifest.xml:17:1-25:12
MERGED from [com.android.support:cursoradapter:28.0.0] AndroidManifest.xml:17:1-22:12
MERGED from [com.android.support:exifinterface:27.1.1] AndroidManifest.xml:17:1-22:12
MERGED from [android.arch.lifecycle:runtime:1.1.1] AndroidManifest.xml:17:1-22:12
MERGED from [com.android.support:documentfile:28.0.0] AndroidManifest.xml:17:1-22:12
MERGED from [com.android.support:localbroadcastmanager:28.0.0] AndroidManifest.xml:17:1-22:12
MERGED from [com.android.support:print:28.0.0] AndroidManifest.xml:17:1-22:12
MERGED from [com.android.support:interpolator:28.0.0] AndroidManifest.xml:17:1-22:12
MERGED from [android.arch.persistence:db-framework:1.0.0] AndroidManifest.xml:17:1-24:12
MERGED from [android.arch.persistence:db:1.0.0] AndroidManifest.xml:17:1-24:12
MERGED from [android.arch.lifecycle:livedata:1.1.1] AndroidManifest.xml:17:1-22:12
MERGED from [android.arch.lifecycle:livedata-core:1.1.1] AndroidManifest.xml:17:1-22:12
MERGED from [android.arch.core:runtime:1.1.1] AndroidManifest.xml:17:1-22:12
MERGED from [com.evernote:android-job:1.2.1] AndroidManifest.xml:2:1-65:12
INJECTED from src\main\AndroidManifest.xml:2:1-214:12
INJECTED from src\main\AndroidManifest.xml:2:1-214:12
INJECTED from src\main\AndroidManifest.xml:2:1-214:12
	package
		ADDED from src\main\AndroidManifest.xml:4:5-41
		INJECTED from src\main\AndroidManifest.xml
		INJECTED from src\main\AndroidManifest.xml
	android:versionName
		INJECTED from src\main\AndroidManifest.xml
		ADDED from src\main\AndroidManifest.xml:2:1-214:12
		INJECTED from src\main\AndroidManifest.xml
	xmlns:tools
		ADDED from src\main\AndroidManifest.xml:3:5-51
	android:versionCode
		INJECTED from src\main\AndroidManifest.xml
		ADDED from src\main\AndroidManifest.xml:2:1-214:12
		INJECTED from src\main\AndroidManifest.xml
	xmlns:android
		ADDED from src\main\AndroidManifest.xml:2:11-69
uses-feature#android.hardware.camera
ADDED from src\main\AndroidManifest.xml:6:5-60
MERGED from [com.journeyapps:zxing-android-embedded:3.4.0] AndroidManifest.xml:24:5-26:36
MERGED from [com.journeyapps:zxing-android-embedded:3.4.0] AndroidManifest.xml:24:5-26:36
	android:name
		ADDED from src\main\AndroidManifest.xml:6:19-57
uses-feature#android.hardware.camera.autofocus
ADDED from src\main\AndroidManifest.xml:7:5-9:36
MERGED from [com.journeyapps:zxing-android-embedded:3.4.0] AndroidManifest.xml:32:5-34:36
MERGED from [com.journeyapps:zxing-android-embedded:3.4.0] AndroidManifest.xml:32:5-34:36
	android:required
		ADDED from src\main\AndroidManifest.xml:9:9-33
	android:name
		ADDED from src\main\AndroidManifest.xml:8:9-57
uses-permission#android.permission.CAMERA
ADDED from src\main\AndroidManifest.xml:11:5-65
MERGED from [com.journeyapps:zxing-android-embedded:3.4.0] AndroidManifest.xml:21:5-65
MERGED from [com.journeyapps:zxing-android-embedded:3.4.0] AndroidManifest.xml:21:5-65
	android:name
		ADDED from src\main\AndroidManifest.xml:11:22-62
uses-permission#android.permission.WRITE_EXTERNAL_STORAGE
ADDED from src\main\AndroidManifest.xml:12:5-81
	android:name
		ADDED from src\main\AndroidManifest.xml:12:22-78
uses-permission#android.permission.BLUETOOTH
ADDED from src\main\AndroidManifest.xml:13:5-68
	android:name
		ADDED from src\main\AndroidManifest.xml:13:22-65
uses-permission#android.permission.WRITE_CONTACTS
ADDED from src\main\AndroidManifest.xml:14:5-73
	android:name
		ADDED from src\main\AndroidManifest.xml:14:22-70
uses-permission#android.permission.BLUETOOTH_ADMIN
ADDED from src\main\AndroidManifest.xml:15:5-74
	android:name
		ADDED from src\main\AndroidManifest.xml:15:22-71
uses-permission#android.permission.READ_PHONE_STATE
ADDED from src\main\AndroidManifest.xml:16:5-75
	android:name
		ADDED from src\main\AndroidManifest.xml:16:22-72
uses-permission#android.permission.WAKE_LOCK
ADDED from src\main\AndroidManifest.xml:17:5-68
MERGED from [com.evernote:android-job:1.2.1] AndroidManifest.xml:12:5-68
MERGED from [com.evernote:android-job:1.2.1] AndroidManifest.xml:12:5-68
	android:name
		ADDED from src\main\AndroidManifest.xml:17:22-65
uses-permission#android.permission.READ_EXTERNAL_STORAGE
ADDED from src\main\AndroidManifest.xml:18:5-80
	android:name
		ADDED from src\main\AndroidManifest.xml:18:22-77
uses-permission#android.permission.INTERNET
ADDED from src\main\AndroidManifest.xml:19:5-67
MERGED from [com.cloudinary:cloudinary-android:1.24.0] AndroidManifest.xml:11:5-67
MERGED from [com.cloudinary:cloudinary-android:1.24.0] AndroidManifest.xml:11:5-67
	android:name
		ADDED from src\main\AndroidManifest.xml:19:22-64
uses-permission#android.permission.ACCESS_NETWORK_STATE
ADDED from src\main\AndroidManifest.xml:20:5-79
MERGED from [com.evernote:android-job:1.2.1] AndroidManifest.xml:13:5-79
MERGED from [com.evernote:android-job:1.2.1] AndroidManifest.xml:13:5-79
	android:name
		ADDED from src\main\AndroidManifest.xml:20:22-76
uses-permission#android.permission.READ_CONTACTS
ADDED from src\main\AndroidManifest.xml:21:5-72
	android:name
		ADDED from src\main\AndroidManifest.xml:21:22-69
uses-permission#android.permission.READ_PROFILE
ADDED from src\main\AndroidManifest.xml:22:5-71
	android:name
		ADDED from src\main\AndroidManifest.xml:22:22-68
uses-permission#android.permission.ACCESS_COARSE_LOCATION
ADDED from src\main\AndroidManifest.xml:23:5-81
	android:name
		ADDED from src\main\AndroidManifest.xml:23:22-78
uses-permission#android.permission.ACCESS_FINE_LOCATION
ADDED from src\main\AndroidManifest.xml:24:5-79
	android:name
		ADDED from src\main\AndroidManifest.xml:24:22-76
uses-permission#android.permission.VIBRATE
ADDED from src\main\AndroidManifest.xml:25:5-66
	android:name
		ADDED from src\main\AndroidManifest.xml:25:22-63
application
ADDED from src\main\AndroidManifest.xml:27:5-212:19
MERGED from [com.cloudinary:cloudinary-android:1.24.0] AndroidManifest.xml:13:5-67
MERGED from [com.cloudinary:cloudinary-android:1.24.0] AndroidManifest.xml:13:5-67
MERGED from [com.journeyapps:zxing-android-embedded:3.4.0] AndroidManifest.xml:45:5-53:19
MERGED from [com.journeyapps:zxing-android-embedded:3.4.0] AndroidManifest.xml:45:5-53:19
MERGED from [com.miguelcatalan:materialsearchview:1.4.0] AndroidManifest.xml:11:5-20
MERGED from [com.miguelcatalan:materialsearchview:1.4.0] AndroidManifest.xml:11:5-20
MERGED from [com.android.support:design:28.0.0] AndroidManifest.xml:22:5-20
MERGED from [com.android.support:design:28.0.0] AndroidManifest.xml:22:5-20
MERGED from [com.afollestad.material-dialogs:core:0.9.6.0] AndroidManifest.xml:13:5-20
MERGED from [com.afollestad.material-dialogs:core:0.9.6.0] AndroidManifest.xml:13:5-20
MERGED from [com.airbnb.android:lottie:2.7.0] AndroidManifest.xml:11:5-20
MERGED from [com.airbnb.android:lottie:2.7.0] AndroidManifest.xml:11:5-20
MERGED from [android.arch.lifecycle:extensions:1.1.0] AndroidManifest.xml:22:5-28:19
MERGED from [android.arch.lifecycle:extensions:1.1.0] AndroidManifest.xml:22:5-28:19
MERGED from [com.android.support.constraint:constraint-layout:1.1.3] AndroidManifest.xml:9:5-20
MERGED from [com.android.support.constraint:constraint-layout:1.1.3] AndroidManifest.xml:9:5-20
MERGED from [com.eftimoff:android-pathview:1.0.8] AndroidManifest.xml:12:5-20
MERGED from [com.eftimoff:android-pathview:1.0.8] AndroidManifest.xml:12:5-20
MERGED from [com.patrickpissurno:ripple-effect:1.3.1] AndroidManifest.xml:12:5-20
MERGED from [com.patrickpissurno:ripple-effect:1.3.1] AndroidManifest.xml:12:5-20
MERGED from [com.github.vipulasri:timelineview:1.0.6] AndroidManifest.xml:11:5-15:19
MERGED from [com.github.vipulasri:timelineview:1.0.6] AndroidManifest.xml:11:5-15:19
MERGED from [com.android.support:support-compat:28.0.0] AndroidManifest.xml:22:5-94
MERGED from [com.android.support:support-compat:28.0.0] AndroidManifest.xml:22:5-94
MERGED from [com.android.support:versionedparcelable:28.0.0] AndroidManifest.xml:22:5-23:19
MERGED from [com.android.support:versionedparcelable:28.0.0] AndroidManifest.xml:22:5-23:19
MERGED from [com.evernote:android-job:1.2.1] AndroidManifest.xml:16:5-63:19
MERGED from [com.evernote:android-job:1.2.1] AndroidManifest.xml:16:5-63:19
	android:screenOrientation
		ADDED from src\main\AndroidManifest.xml:34:9-45
	android:appComponentFactory
		ADDED from [com.android.support:support-compat:28.0.0] AndroidManifest.xml:22:18-91
	android:supportsRtl
		ADDED from src\main\AndroidManifest.xml:35:9-35
	android:label
		ADDED from src\main\AndroidManifest.xml:32:9-41
	android:fullBackupContent
		ADDED from src\main\AndroidManifest.xml:30:9-59
		REJECTED from [com.cloudinary:cloudinary-android:1.24.0] AndroidManifest.xml:13:18-64
	tools:ignore
		ADDED from [com.evernote:android-job:1.2.1] AndroidManifest.xml:16:18-44
	android:largeHeap
		ADDED from src\main\AndroidManifest.xml:33:9-33
	android:icon
		ADDED from src\main\AndroidManifest.xml:31:9-52
	android:allowBackup
		ADDED from src\main\AndroidManifest.xml:29:9-35
	android:theme
		ADDED from src\main\AndroidManifest.xml:36:9-40
	tools:replace
		ADDED from src\main\AndroidManifest.xml:37:9-50
	android:name
		ADDED from src\main\AndroidManifest.xml:28:9-72
activity#io.github.visit_activities.MainActivity
ADDED from src\main\AndroidManifest.xml:42:9-65:20
	android:label
		ADDED from src\main\AndroidManifest.xml:44:13-45
	android:windowSoftInputMode
		ADDED from src\main\AndroidManifest.xml:47:13-55
	android:configChanges
		ADDED from src\main\AndroidManifest.xml:46:13-59
	android:theme
		ADDED from src\main\AndroidManifest.xml:45:13-49
	android:name
		ADDED from src\main\AndroidManifest.xml:43:13-67
intent-filter#action:name:android.intent.action.VIEW+category:name:android.intent.category.BROWSABLE+category:name:android.intent.category.DEFAULT+data:host:project-travel-mate.github.io+data:pathPattern:.*+data:scheme:http+data:scheme:https
ADDED from src\main\AndroidManifest.xml:51:13-64:29
action#android.intent.action.VIEW
ADDED from src\main\AndroidManifest.xml:55:17-69
	android:name
		ADDED from src\main\AndroidManifest.xml:55:25-66
category#android.intent.category.DEFAULT
ADDED from src\main\AndroidManifest.xml:57:17-76
	android:name
		ADDED from src\main\AndroidManifest.xml:57:27-73
category#android.intent.category.BROWSABLE
ADDED from src\main\AndroidManifest.xml:58:17-78
	android:name
		ADDED from src\main\AndroidManifest.xml:58:27-75
data
ADDED from src\main\AndroidManifest.xml:60:17-70
	android:host
		ADDED from src\main\AndroidManifest.xml:60:23-67
	android:scheme
		ADDED from src\main\AndroidManifest.xml:61:23-45
	android:pathPattern
		ADDED from src\main\AndroidManifest.xml:63:23-47
activity#io.github.visit_activities.login.LoginActivity
ADDED from src\main\AndroidManifest.xml:72:9-85:20
	android:label
		ADDED from src\main\AndroidManifest.xml:74:13-45
	android:theme
		ADDED from src\main\AndroidManifest.xml:75:13-49
	android:name
		ADDED from src\main\AndroidManifest.xml:73:13-74
intent-filter#action:name:android.intent.action.MAIN+category:name:android.intent.category.LAUNCHER
ADDED from src\main\AndroidManifest.xml:76:13-80:29
action#android.intent.action.MAIN
ADDED from src\main\AndroidManifest.xml:77:17-69
	android:name
		ADDED from src\main\AndroidManifest.xml:77:25-66
category#android.intent.category.LAUNCHER
ADDED from src\main\AndroidManifest.xml:79:17-77
	android:name
		ADDED from src\main\AndroidManifest.xml:79:27-74
service#utils.GPSTracker
ADDED from src\main\AndroidManifest.xml:87:9-89:38
	android:enabled
		ADDED from src\main\AndroidManifest.xml:89:13-35
	android:name
		ADDED from src\main\AndroidManifest.xml:88:13-44
activity#io.github.visit_activities.utilities.ChecklistActivity
ADDED from src\main\AndroidManifest.xml:91:9-94:54
	android:label
		ADDED from src\main\AndroidManifest.xml:93:13-63
	android:theme
		ADDED from src\main\AndroidManifest.xml:94:13-51
	android:name
		ADDED from src\main\AndroidManifest.xml:92:13-82
activity#io.github.visit_activities.travel.ShoppingCurrentCityActivity
ADDED from src\main\AndroidManifest.xml:95:9-98:54
	android:label
		ADDED from src\main\AndroidManifest.xml:97:13-72
	android:theme
		ADDED from src\main\AndroidManifest.xml:98:13-51
	android:name
		ADDED from src\main\AndroidManifest.xml:96:13-89
activity#io.github.visit_activities.travel.HotelsActivity
ADDED from src\main\AndroidManifest.xml:99:9-103:54
	android:label
		ADDED from src\main\AndroidManifest.xml:102:13-58
	android:configChanges
		ADDED from src\main\AndroidManifest.xml:101:13-59
	android:theme
		ADDED from src\main\AndroidManifest.xml:103:13-51
	android:name
		ADDED from src\main\AndroidManifest.xml:100:13-76
activity#io.github.visit_activities.travel.MapViewRealTimeActivity
ADDED from src\main\AndroidManifest.xml:104:9-107:54
	android:label
		ADDED from src\main\AndroidManifest.xml:106:13-55
	android:theme
		ADDED from src\main\AndroidManifest.xml:107:13-51
	android:name
		ADDED from src\main\AndroidManifest.xml:105:13-85
activity#io.github.visit_activities.destinations.funfacts.FunFactsActivity
ADDED from src\main\AndroidManifest.xml:109:9-112:54
	android:label
		ADDED from src\main\AndroidManifest.xml:111:13-61
	android:theme
		ADDED from src\main\AndroidManifest.xml:112:13-51
	android:name
		ADDED from src\main\AndroidManifest.xml:110:13-93
activity#io.github.visit_activities.utilities.ShareContactActivity
ADDED from src\main\AndroidManifest.xml:113:9-94
	android:name
		ADDED from src\main\AndroidManifest.xml:113:19-91
activity#io.github.visit_activities.destinations.description.FinalCityInfoActivity
ADDED from src\main\AndroidManifest.xml:115:9-117:52
	android:theme
		ADDED from src\main\AndroidManifest.xml:117:13-49
	android:name
		ADDED from src\main\AndroidManifest.xml:116:13-101
activity#io.github.visit_activities.destinations.description.PlacesOnMapActivity
ADDED from src\main\AndroidManifest.xml:118:9-108
	android:name
		ADDED from src\main\AndroidManifest.xml:118:19-105
activity#io.github.visit_activities.mytrips.AddNewTripActivity
ADDED from src\main\AndroidManifest.xml:119:9-90
	android:name
		ADDED from src\main\AndroidManifest.xml:119:19-87
activity#io.github.visit_activities.mytrips.MyTripInfoActivity
ADDED from src\main\AndroidManifest.xml:120:9-123:57
	android:windowSoftInputMode
		ADDED from src\main\AndroidManifest.xml:123:13-54
	android:theme
		ADDED from src\main\AndroidManifest.xml:122:13-49
	android:name
		ADDED from src\main\AndroidManifest.xml:121:13-81
activity#io.github.visit_activities.VerifyEmailActivity
ADDED from src\main\AndroidManifest.xml:124:9-127:52
	android:label
		ADDED from src\main\AndroidManifest.xml:126:13-49
	android:theme
		ADDED from src\main\AndroidManifest.xml:127:13-49
	android:name
		ADDED from src\main\AndroidManifest.xml:125:13-74
provider#android.support.v4.content.FileProvider
ADDED from src\main\AndroidManifest.xml:129:9-137:20
	android:grantUriPermissions
		ADDED from src\main\AndroidManifest.xml:133:13-47
	android:authorities
		ADDED from src\main\AndroidManifest.xml:131:13-71
	android:exported
		ADDED from src\main\AndroidManifest.xml:132:13-37
	android:name
		ADDED from src\main\AndroidManifest.xml:130:13-67
meta-data#android.support.FILE_PROVIDER_PATHS
ADDED from src\main\AndroidManifest.xml:134:13-136:58
	android:resource
		ADDED from src\main\AndroidManifest.xml:136:17-55
	android:name
		ADDED from src\main\AndroidManifest.xml:135:17-67
activity#io.github.visit_activities.ProfileActivity
ADDED from src\main\AndroidManifest.xml:139:9-140:62
	android:configChanges
		ADDED from src\main\AndroidManifest.xml:140:13-59
	android:name
		ADDED from src\main\AndroidManifest.xml:139:19-76
activity#io.github.visit_activities.friend.FriendsProfileActivity
ADDED from src\main\AndroidManifest.xml:141:9-93
	android:name
		ADDED from src\main\AndroidManifest.xml:141:19-90
activity#io.github.visit_activities.notifications.NotificationsActivity
ADDED from src\main\AndroidManifest.xml:142:9-99
	android:name
		ADDED from src\main\AndroidManifest.xml:142:19-96
activity#io.github.visit_activities.FullScreenImage
ADDED from src\main\AndroidManifest.xml:143:9-145:60
	android:theme
		ADDED from src\main\AndroidManifest.xml:145:13-57
	android:name
		ADDED from src\main\AndroidManifest.xml:144:13-70
activity#io.github.visit_activities.utilities.WeatherForecastActivity
ADDED from src\main\AndroidManifest.xml:146:9-97
	android:name
		ADDED from src\main\AndroidManifest.xml:146:19-94
activity#io.github.visit_activities.utilities.CompassActivity
ADDED from src\main\AndroidManifest.xml:147:9-89
	android:name
		ADDED from src\main\AndroidManifest.xml:147:19-86
activity#io.github.visit_activities.utilities.CurrencyActivity
ADDED from src\main\AndroidManifest.xml:148:9-90
	android:name
		ADDED from src\main\AndroidManifest.xml:148:19-87
activity#io.github.visit_activities.utilities.WorldClockActivity
ADDED from src\main\AndroidManifest.xml:149:9-92
	android:name
		ADDED from src\main\AndroidManifest.xml:149:19-89
activity#io.github.visit_activities.utilities.CurrencyListViewActivity
ADDED from src\main\AndroidManifest.xml:150:9-98
	android:name
		ADDED from src\main\AndroidManifest.xml:150:19-95
activity#io.github.visit_activities.utilities.TimezoneListViewActivity
ADDED from src\main\AndroidManifest.xml:151:9-98
	android:name
		ADDED from src\main\AndroidManifest.xml:151:19-95
activity#io.github.visit_activities.destinations.description.WeatherActivity
ADDED from src\main\AndroidManifest.xml:152:9-104
	android:name
		ADDED from src\main\AndroidManifest.xml:152:19-101
activity#io.github.visit_activities.utilities.UpcomingWeekendsActivity
ADDED from src\main\AndroidManifest.xml:153:9-98
	android:name
		ADDED from src\main\AndroidManifest.xml:153:19-95
activity#io.github.visit_activities.destinations.description.CityHistoryActivity
ADDED from src\main\AndroidManifest.xml:154:9-108
	android:name
		ADDED from src\main\AndroidManifest.xml:154:19-105
activity#io.github.visit_activities.destinations.description.CityMapActivity
ADDED from src\main\AndroidManifest.xml:155:9-104
	android:name
		ADDED from src\main\AndroidManifest.xml:155:19-101
activity#io.github.visit_activities.travel.ListViewRealTimeActivity
ADDED from src\main\AndroidManifest.xml:156:9-95
	android:name
		ADDED from src\main\AndroidManifest.xml:156:19-92
activity#io.github.visit_activities.destinations.description.RestaurantsActivity
ADDED from src\main\AndroidManifest.xml:157:9-108
	android:name
		ADDED from src\main\AndroidManifest.xml:157:19-105
activity#com.theartofdev.edmodo.cropper.CropImageActivity
ADDED from src\main\AndroidManifest.xml:158:9-85
	android:name
		ADDED from src\main\AndroidManifest.xml:158:19-82
activity#io.github.visit_activities.utilities.QuotesActivity
ADDED from src\main\AndroidManifest.xml:159:9-161:15
	android:theme
		ADDED from src\main\AndroidManifest.xml:160:13-63
	android:name
		ADDED from src\main\AndroidManifest.xml:159:19-85
activity#io.github.visit_activities.DeleteProfilePictureActivity
ADDED from src\main\AndroidManifest.xml:162:9-172:20
	android:label
		ADDED from src\main\AndroidManifest.xml:165:13-49
	android:icon
		ADDED from src\main\AndroidManifest.xml:164:13-53
	android:theme
		ADDED from src\main\AndroidManifest.xml:166:13-59
	android:name
		ADDED from src\main\AndroidManifest.xml:163:13-83
intent-filter#action:name:android.intent.action.DELETE+category:name:android.intent.category.DEFAULT
ADDED from src\main\AndroidManifest.xml:167:13-171:29
action#android.intent.action.DELETE
ADDED from src\main\AndroidManifest.xml:168:17-71
	android:name
		ADDED from src\main\AndroidManifest.xml:168:25-68
activity#io.github.visit_activities.destinations.description.RestaurantDetailsActivity
ADDED from src\main\AndroidManifest.xml:173:9-175:52
	android:theme
		ADDED from src\main\AndroidManifest.xml:175:13-49
	android:name
		ADDED from src\main\AndroidManifest.xml:174:13-105
receiver#widget.CheckListWidgetProvider
ADDED from src\main\AndroidManifest.xml:177:9-187:20
	android:name
		ADDED from src\main\AndroidManifest.xml:177:19-64
intent-filter#action:name:android.appwidget.action.APPWIDGET_UPDATE
ADDED from src\main\AndroidManifest.xml:178:13-182:29
action#android.appwidget.action.APPWIDGET_UPDATE
ADDED from src\main\AndroidManifest.xml:181:17-84
	android:name
		ADDED from src\main\AndroidManifest.xml:181:25-81
meta-data#android.appwidget.provider
ADDED from src\main\AndroidManifest.xml:184:13-186:65
	android:resource
		ADDED from src\main\AndroidManifest.xml:186:17-62
	android:name
		ADDED from src\main\AndroidManifest.xml:185:17-58
service#widget.CheckListWidgetService
ADDED from src\main\AndroidManifest.xml:189:9-191:72
	android:permission
		ADDED from src\main\AndroidManifest.xml:191:13-69
	android:name
		ADDED from src\main\AndroidManifest.xml:190:13-57
meta-data#preloaded_fonts
ADDED from src\main\AndroidManifest.xml:193:9-195:57
	android:resource
		ADDED from src\main\AndroidManifest.xml:195:13-54
	android:name
		ADDED from src\main\AndroidManifest.xml:194:13-43
receiver#widget.ClockWidget
ADDED from src\main\AndroidManifest.xml:197:9-205:20
	android:name
		ADDED from src\main\AndroidManifest.xml:197:19-52
activity#widget.ClockWidgetConfigureActivity
ADDED from src\main\AndroidManifest.xml:207:9-211:20
	android:name
		ADDED from src\main\AndroidManifest.xml:207:19-69
intent-filter#action:name:android.appwidget.action.APPWIDGET_CONFIGURE
ADDED from src\main\AndroidManifest.xml:208:13-210:29
action#android.appwidget.action.APPWIDGET_CONFIGURE
ADDED from src\main\AndroidManifest.xml:209:17-87
	android:name
		ADDED from src\main\AndroidManifest.xml:209:25-84
uses-sdk
INJECTED from src\main\AndroidManifest.xml reason: use-sdk injection requested
INJECTED from src\main\AndroidManifest.xml
INJECTED from src\main\AndroidManifest.xml
MERGED from [com.github.dmytrodanylyk.android-process-button:library:1.0.4] AndroidManifest.xml:8:5-10:41
MERGED from [com.github.dmytrodanylyk.android-process-button:library:1.0.4] AndroidManifest.xml:8:5-10:41
MERGED from [com.cloudinary:cloudinary-android:1.24.0] AndroidManifest.xml:7:5-9:41
MERGED from [com.cloudinary:cloudinary-android:1.24.0] AndroidManifest.xml:7:5-9:41
MERGED from [com.journeyapps:zxing-android-embedded:3.4.0] AndroidManifest.xml:19:5-43
MERGED from [com.journeyapps:zxing-android-embedded:3.4.0] AndroidManifest.xml:19:5-43
MERGED from [com.android.support:support-v4:28.0.0] AndroidManifest.xml:20:5-44
MERGED from [com.android.support:support-v4:28.0.0] AndroidManifest.xml:20:5-44
MERGED from [com.miguelcatalan:materialsearchview:1.4.0] AndroidManifest.xml:7:5-9:41
MERGED from [com.miguelcatalan:materialsearchview:1.4.0] AndroidManifest.xml:7:5-9:41
MERGED from [com.android.support:design:28.0.0] AndroidManifest.xml:20:5-44
MERGED from [com.android.support:design:28.0.0] AndroidManifest.xml:20:5-44
MERGED from [com.afollestad.material-dialogs:core:0.9.6.0] AndroidManifest.xml:8:5-11:75
MERGED from [com.afollestad.material-dialogs:core:0.9.6.0] AndroidManifest.xml:8:5-11:75
MERGED from [io.github.tonnyl:whatsnew:0.1.1] AndroidManifest.xml:8:5-11:72
MERGED from [io.github.tonnyl:whatsnew:0.1.1] AndroidManifest.xml:8:5-11:72
MERGED from [com.android.support:recyclerview-v7:28.0.0] AndroidManifest.xml:20:5-44
MERGED from [com.android.support:recyclerview-v7:28.0.0] AndroidManifest.xml:20:5-44
MERGED from [com.airbnb.android:lottie:2.7.0] AndroidManifest.xml:7:5-9:41
MERGED from [com.airbnb.android:lottie:2.7.0] AndroidManifest.xml:7:5-9:41
MERGED from [com.github.takusemba:spotlight:1.6.1] AndroidManifest.xml:7:5-9:41
MERGED from [com.github.takusemba:spotlight:1.6.1] AndroidManifest.xml:7:5-9:41
MERGED from [com.theartofdev.edmodo:android-image-cropper:2.7.0] AndroidManifest.xml:7:5-9:41
MERGED from [com.theartofdev.edmodo:android-image-cropper:2.7.0] AndroidManifest.xml:7:5-9:41
MERGED from [com.github.blongho:world-country-data:v1.1.0] AndroidManifest.xml:7:5-9:41
MERGED from [com.github.blongho:world-country-data:v1.1.0] AndroidManifest.xml:7:5-9:41
MERGED from [me.zhanghai.android.materialprogressbar:library:1.4.2] AndroidManifest.xml:12:5-14:41
MERGED from [me.zhanghai.android.materialprogressbar:library:1.4.2] AndroidManifest.xml:12:5-14:41
MERGED from [com.android.support:appcompat-v7:28.0.0] AndroidManifest.xml:20:5-44
MERGED from [com.android.support:appcompat-v7:28.0.0] AndroidManifest.xml:20:5-44
MERGED from [android.arch.lifecycle:extensions:1.1.0] AndroidManifest.xml:20:5-44
MERGED from [android.arch.lifecycle:extensions:1.1.0] AndroidManifest.xml:20:5-44
MERGED from [com.android.support:support-fragment:28.0.0] AndroidManifest.xml:20:5-44
MERGED from [com.android.support:support-fragment:28.0.0] AndroidManifest.xml:20:5-44
MERGED from [com.android.support:animated-vector-drawable:28.0.0] AndroidManifest.xml:20:5-44
MERGED from [com.android.support:animated-vector-drawable:28.0.0] AndroidManifest.xml:20:5-44
MERGED from [com.android.support:support-core-ui:28.0.0] AndroidManifest.xml:20:5-44
MERGED from [com.android.support:support-core-ui:28.0.0] AndroidManifest.xml:20:5-44
MERGED from [com.android.support:coordinatorlayout:28.0.0] AndroidManifest.xml:20:5-44
MERGED from [com.android.support:coordinatorlayout:28.0.0] AndroidManifest.xml:20:5-44
MERGED from [com.android.support.constraint:constraint-layout:1.1.3] AndroidManifest.xml:5:5-7:41
MERGED from [com.android.support.constraint:constraint-layout:1.1.3] AndroidManifest.xml:5:5-7:41
MERGED from [com.android.support:cardview-v7:28.0.0] AndroidManifest.xml:20:5-44
MERGED from [com.android.support:cardview-v7:28.0.0] AndroidManifest.xml:20:5-44
MERGED from [com.eftimoff:android-pathview:1.0.8] AndroidManifest.xml:8:5-10:41